Android Driver/ArduinoController/build/outputs/logs/manifest-merger-debug-report.txt
-- Merging decision tree log ---
manifest
ADDED from src\main\AndroidManifest.xml:2:1-38:12
	package
		ADDED from src\main\AndroidManifest.xml:3:5-45
		INJECTED from src\main\AndroidManifest.xml
		INJECTED from src\main\AndroidManifest.xml
	android:versionName
		ADDED from src\main\AndroidManifest.xml:5:5-32
		INJECTED from src\main\AndroidManifest.xml
		INJECTED from src\main\AndroidManifest.xml
	android:versionCode
		ADDED from src\main\AndroidManifest.xml:4:5-28
		INJECTED from src\main\AndroidManifest.xml
		INJECTED from src\main\AndroidManifest.xml
	xmlns:android
		ADDED from src\main\AndroidManifest.xml:2:11-69
uses-sdk
ADDED from src\main\AndroidManifest.xml:7:5-9:41
MERGED from [com.hoho.android:usbSerialForAndroid:0.2.0-SNAPSHOT] AndroidManifest.xml:7:5-9:41
	android:targetSdkVersion
		ADDED from src\main\AndroidManifest.xml:9:9-38
		INJECTED from src\main\AndroidManifest.xml
		INJECTED from src\main\AndroidManifest.xml
	android:minSdkVersion
		ADDED from src\main\AndroidManifest.xml:8:9-35
		INJECTED from src\main\AndroidManifest.xml
		INJECTED from src\main\AndroidManifest.xml
uses-feature#android.hardware.usb.host
ADDED from src\main\AndroidManifest.xml:11:5-62
	android:name
		ADDED from src\main\AndroidManifest.xml:11:19-59
application
ADDED from src\main\AndroidManifest.xml:13:5-36:19
MERGED from [com.akexorcist:bluetoothspp:1.0.0] AndroidManifest.xml:10:5-12:19
	android:label
		ADDED from src\main\AndroidManifest.xml:16:9-41
	android:allowBackup
		ADDED from src\main\AndroidManifest.xml:14:9-35
	android:icon
		ADDED from src\main\AndroidManifest.xml:15:9-45
	android:theme
		ADDED from src\main\AndroidManifest.xml:17:9-40
activity#com.hardcopy.arduinocontroller.ArduinoControllerActivity
ADDED from src\main\AndroidManifest.xml:18:9-35:20
	android:label
		ADDED from src\main\AndroidManifest.xml:20:13-45
	android:name
		ADDED from src\main\AndroidManifest.xml:19:13-84
intent-filter#android.intent.action.MAIN+android.intent.category.LAUNCHER
ADDED from src\main\AndroidManifest.xml:22:13-26:29
action#android.intent.action.MAIN
ADDED from src\main\AndroidManifest.xml:23:17-69
	android:name
		ADDED from src\main\AndroidManifest.xml:23:25-66
category#android.intent.category.LAUNCHER
ADDED from src\main\AndroidManifest.xml:25:17-77
	android:name
		ADDED from src\main\AndroidManifest.xml:25:27-74
intent-filter#android.hardware.usb.action.USB_DEVICE_ATTACHED
ADDED from src\main\AndroidManifest.xml:28:13-30:29
action#android.hardware.usb.action.USB_DEVICE_ATTACHED
ADDED from src\main\AndroidManifest.xml:29:17-90
	android:name
		ADDED from src\main\AndroidManifest.xml:29:25-87
meta-data#android.hardware.usb.action.USB_DEVICE_ATTACHED
ADDED from src\main\AndroidManifest.xml:31:13-33:57
	android:resource
		ADDED from src\main\AndroidManifest.xml:33:17-54
	android:name
		ADDED from src\main\AndroidManifest.xml:32:17-79
uses-permission#android.permission.BLUETOOTH
ADDED from [com.akexorcist:bluetoothspp:1.0.0] AndroidManifest.xml:7:5-68
	android:name
		ADDED from [com.akexorcist:bluetoothspp:1.0.0] AndroidManifest.xml:7:22-65
uses-permission#android.permission.BLUETOOTH_ADMIN
ADDED from [com.akexorcist:bluetoothspp:1.0.0] AndroidManifest.xml:8:5-74
	android:name
		ADDED from [com.akexorcist:bluetoothspp:1.0.0] AndroidManifest.xml:8:22-71
activity#app.akexorcist.bluetotohspp.library.DeviceList
ADDED from [com.akexorcist:bluetoothspp:1.0.0] AndroidManifest.xml:11:9-83
	android:name
		ADDED from [com.akexorcist:bluetoothspp:1.0.0] AndroidManifest.xml:11:19-80
uses-permission#android.permission.WRITE_EXTERNAL_STORAGE
IMPLIED from src\main\AndroidManifest.xml:2:1-38:12 reason: app.akexorcist.bluetotohspp.library has a targetSdkVersion < 4
uses-permission#android.permission.READ_PHONE_STATE
IMPLIED from src\main\AndroidManifest.xml:2:1-38:12 reason: app.akexorcist.bluetotohspp.library has a targetSdkVersion < 4
uses-permission#android.permission.READ_EXTERNAL_STORAGE
IMPLIED from src\main\AndroidManifest.xml:2:1-38:12 reason: app.akexorcist.bluetotohspp.library requested WRITE_EXTERNAL_STORAGE